-------------------------------------------------------------------------------
Test set: vflypetclinic.VflyPetClinicApplicationTests
-------------------------------------------------------------------------------
Tests run: 1, Failures: 0, Errors: 1, Skipped: 0, Time elapsed: 0.217 s <<< FAILURE! - in vflypetclinic.VflyPetClinicApplicationTests
vflypetclinic.VflyPetClinicApplicationTests  Time elapsed: 0.216 s  <<< ERROR!
java.lang.IllegalStateException: Unable to find a @SpringBootConfiguration, you need to use @ContextConfiguration or @SpringBootTest(classes=...) with your test

